<?xml version="1.0" encoding="UTF-8"?>
<!-- Generated by org.testng.reporters.JUnitXMLReporter -->
<testsuite ignored="0" hostname="MDs-MacBook-Pro-2.local" failures="0" tests="2" name="Default test" time="10.371" errors="0" timestamp="10 Jul 2022 20:03:03 GMT">
  <testcase classname="io.cucumber.testng.AbstractTestNGCucumberTests" name="runScenario" time="5.517"/>
  <testcase classname="io.cucumber.testng.AbstractTestNGCucumberTests" name="runScenario" time="4.516"/>
</testsuite> <!-- Default test -->
