<?xml version="1.0" encoding="UTF-8"?>
<!-- Generated by org.testng.reporters.JUnitXMLReporter -->
<testsuite ignored="0" hostname="MDs-MacBook-Pro.local" failures="0" tests="2" name="MajesticMay - SmokeTest" time="0.444" errors="0" timestamp="03 Jul 2022 19:10:30 GMT">
  <testcase classname="io.cucumber.testng.AbstractTestNGCucumberTests" name="runScenario" time="0.094"/>
  <testcase classname="io.cucumber.testng.AbstractTestNGCucumberTests" name="runScenario" time="0.014"/>
</testsuite> <!-- MajesticMay - SmokeTest -->
